2.602391105123181152e+11
-3.237198495576543792e+03
1.374150257346317230e+05
-7.853906348139795227e+03
-3.726966484049048449e+04
1.849535806743080902e+05
4.326198736151003906e+12
4.211020536590472329e+04
3.349418621248696875e+13
-8.039160219915448438e+13
-2.967354357910156250e+04
4.538636739456332812e+13
7.277211108398437500e+04
-1.197404861450195312e+04
1.149249676513671875e+04
-5.133985922224013281e+13
-1.106089260831453594e+14
3.930169604492187500e+04
2.765105278320312500e+05
-6.177381835937500000e+03
7.186499902343750000e+04
-7.198099523925781250e+04
-3.343355273437500000e+04
-4.620846093750000000e+04
4.766763232421875000e+04
-1.477730468750000000e+03
2.080303501599410547e+13
-2.030238867187500000e+04
3.482310034179687500e+04
2.317853728363062500e+13
-2.139661791992187500e+04
3.447561035156250000e+03
-2.324228845214843750e+04
-3.102050561523437500e+04
1.208085162928116211e+13
-8.304973339843750000e+04
-8.068638110351562500e+04
1.347552252197265625e+04
-6.609159271240234375e+03
-2.424502197265625000e+03
2.072703385009765625e+05
-1.365776416015625000e+04
-8.561373876953125000e+04
5.560981257152395020e+11
-8.077544445800781250e+04
-6.429067419433593750e+04
6.195989561660621338e+11
3.476900683593750000e+04
-3.324255249023437500e+04
3.502260644531250000e+04
-7.220303076171875000e+04
3.229402849276145020e+11
5.893251550292968750e+04
-7.005644287109375000e+03
1.585212768554687500e+04
3.247411108398437500e+04
6.445588751220703125e+04
5.334836547851562500e+04
-2.330109570312500000e+04
2.088575476034405518e+12
5.662727905273437500e+04
1.340329321289062500e+04
2.327070322107584961e+12
1.838471704101562500e+04
-1.756774548339843750e+04
2.633134606933593750e+04
2.239374212646484375e+04
1.212888930163822998e+12
4.690917089843750000e+04
4.807190527343750000e+04
1.672004394531250000e+02
-2.592813439941406250e+04
1.322835375976562500e+04
-3.227311035156250000e+03
-2.687425522984415039e+12
1.082623486328125000e+04
8.742044311523437500e+03
-2.994303117678067383e+12
-1.350364965820312500e+04
-1.089551898193359375e+04
8.593655273437500000e+03
1.688517578125000000e+04
-1.560656361029269531e+12
8.305788085937500000e+03
1.087044158935546875e+04
2.089815625000000000e+04
-1.103262275390625000e+05
-1.079981518554687500e+04
1.997034060251929199e+12
9.399981396484375000e+04
-1.065567445678710938e+05
2.225075801334452637e+12
5.040196997070312500e+04
4.532114440917968750e+03
2.967380541992187500e+04
6.404525463867187500e+04
1.159728505019385010e+12
1.391164201660156250e+05
3.360896618652343750e+05
2.333071777343750000e+04
2.833378137207031250e+04
-2.443868839311117188e+13
-3.924979809570312500e+04
-2.128386880493164062e+04
-2.722934655369003125e+13
1.070760990600585938e+05
-1.896060662841796875e+04
2.721608813476562500e+04
3.790864746093750000e+04
6.630266361727357422e+12
1.058724339599609375e+05
-1.228423969726562500e+05
9.005941284179687500e+03
1.069463986044760938e+13
2.879982299804687500e+04
5.496902954101562500e+03
1.191586267412430859e+13
-4.066243225097656250e+03
-2.811047265625000000e+04
-3.256333978271484375e+04
2.738152343750000000e+04
6.210649418172276367e+12
8.867396728515625000e+03
1.584390136718750000e+03
5.001784411266088750e+14
5.028186925521022461e+12
-1.186936962758922363e+12
1.168122296643297031e+14
3.807592593827126953e+12
1.473523341923242188e+12
9.581282325692789307e+11
4.162660456878621875e+13
6.239556166626322656e+13
4.527430499996807617e+12
-3.303166895492070801e+12
4.786302845755478125e+13
9.730354614257812500e+03
5.602356472880205078e+12
-4.478415722656250000e+04
-3.697378857421875000e+04
-4.030783935546875000e+04
3.159572412109375000e+04
2.919996029549909180e+12
-3.350737484741210938e+04
1.509788037414550781e+05
4.310891113281250000e+03
-1.322473508542274170e+12
1.384550921630859375e+04
-1.993798193359375000e+04
4.281207672119140625e+03
2.205167785644531250e+04
-6.892844863990773926e+11
1.968036212158203125e+04
2.559075585937500000e+04
-5.106768667921791875e+14
4.242382265737882812e+12
1.641785220943409912e+12
1.067537062033386108e+12
-1.124028263278947969e+14
1.611254376221050781e+13
5.044418631124004883e+12
-3.680356052120750977e+12
1.461587402343750000e+03
6.847379943847656250e+03
9.646300964355468750e+02
1.854818735351562500e+05
2.211165870584211426e+12
1.693158569335937500e+03
3.626728149414062500e+03
-9.943132324218750000e+02
3.463878295898437500e+03
-1.279264428710937500e+04
8.557125037692084961e+11
-2.100079182434082031e+04
-5.720832250976562500e+04
-3.979932189941406250e+03
3.540592248535156250e+04
5.564094307869201660e+11
2.112652539062500000e+04
1.733441503906250000e+04
7.003633908964289062e+13
6.941988927261725781e+13
4.556575598144531250e+04
1.475015919494628906e+04
1.463870247413075000e+14
2.629194049723149414e+12
-1.918233032307499268e+12
-1.351712060546875000e+04
4.696317578125000000e+04
1.622948574218750000e+05
