-9.958449132374148758e+04
1.035620104095812122e-02
3.428861298370617511e-02
-7.593156309099596823e-04
-3.529535597318343015e-02
2.111940670529675879e-01
-5.746386456341286190e+06
3.699383436021805305e-02
-1.450062154626481831e+08
4.654232627845621854e+07
-3.540788218379020691e-02
1.119568333294928819e+08
9.627700410783290863e-02
-1.028532441705465317e-02
3.092014975845813751e-02
-1.767494175639845133e+08
9.308633154246959090e+07
1.206750795245170593e-02
-1.370504871010780334e-02
3.154906677082180977e-01
-4.723750054836273193e-03
3.659487236291170120e-02
-5.801940150558948517e-02
-2.741095423698425293e-02
-1.641540043056011200e-02
1.510467194020748138e-02
-1.972412504255771637e-02
-5.690806654673314095e+07
-1.978606288321316242e-02
2.490812260657548904e-02
-6.340482029714663327e+07
-6.501344498246908188e-03
5.798785714432597160e-04
-4.175503319129347801e-02
-9.808156639337539673e-03
-3.304958891990290582e+07
-5.713164526969194412e-02
2.698267600499093533e-02
-6.901787966489791870e-02
5.863491864874958992e-02
-3.079360723495483398e-02
-3.754349425435066223e-02
-2.714285347610712051e-02
-1.437429897487163544e-02
-3.158003836870193481e-02
-2.458334389557272196e+06
-2.053457824513316154e-02
-1.345730014145374298e-02
-2.738983415618665516e+06
8.339944761246442795e-03
7.797950878739356995e-03
-2.472602576017379761e-02
4.429757129400968552e-02
-1.427687593811523169e+06
-5.995094031095504761e-02
8.651989698410034180e-02
-1.376760005950927734e-02
2.015492785722017288e-02
2.970307343639433384e-02
1.037915931083261967e-01
7.435975596308708191e-03
-3.078377805650234222e-02
1.630560377249322832e+06
5.027814209461212158e-02
1.095939171500504017e-02
1.816708867432385683e+06
2.138020005077123642e-02
-2.743890974670648575e-02
4.178506741300225258e-02
-5.463987588882446289e-03
9.469545174443564611e+05
4.189414484426379204e-02
-6.971874739974737167e-03
6.008779723197221756e-02
-1.685209479182958603e-02
3.470688877860084176e-02
-1.983480108901858330e-02
7.688182406127452850e-03
-1.086617822419308126e+06
1.760417781770229340e-02
6.584957242012023926e-03
-1.210668582144368440e+06
-9.013080969452857971e-03
-1.405418061767704785e-02
1.383567415177822113e-02
-1.566469669342041016e-03
-6.310576692553460598e+05
1.808941643685102463e-02
-1.951297081541270018e-02
1.002876204438507557e-02
1.672559231519699097e-02
-9.520473750308156013e-02
1.208190503530204296e-02
1.562918439951069187e+06
9.809521283023059368e-02
-7.051589060574769974e-02
1.741344749045886565e+06
1.496151229366660118e-02
-1.545050647109746933e-02
1.135742068290710449e-01
-3.198609128594398499e-02
9.076711588042194489e+05
1.960393441841006279e-01
-1.191102825105190277e-01
3.952838480472564697e-01
4.755044355988502502e-02
2.741942513966932893e-02
5.331674337956870906e+06
-4.409608896821737289e-03
-8.978178229881450534e-03
5.940350382610777393e+06
2.175317995715886354e-01
1.040722662582993507e-02
-2.314818650484085083e-02
6.455250014550983906e-02
-2.454915366862253845e+07
-2.458900446072220802e-02
8.895182143896818161e-02
-1.543054147623479366e-01
1.625054515898227692e-03
-1.848707373240680620e+07
3.420117683708667755e-02
3.015700727701187134e-02
-2.059759994827917963e+07
-6.472552660852670670e-03
-2.901810873299837112e-02
-2.482458297163248062e-02
-2.284664660692214966e-04
-1.073644255748638697e+07
1.769661903381347656e-03
-2.815469447523355484e-02
1.357005536556243896e-02
-9.005899114608403295e+06
-8.564446970035210252e+05
4.377668132723038085e+06
1.785889489260425568e+08
8.477712570499139838e+05
2.474731812810156494e+06
-4.266115672536529601e+05
5.185126969168637693e+07
3.418610938530587405e+07
-2.038036149123262614e+06
3.462788052648231387e+06
7.743923071454176679e+06
-2.771155575735644996e+07
8.776014205068349838e-03
-9.542183664866462350e+05
-3.302641166374087334e-02
-4.347361251711845398e-02
-2.456762455403804779e-02
1.078846352174878120e-02
-4.973837348631620407e+05
-5.466683767735958099e-02
-2.155772596597671509e-02
1.739251092076301575e-01
1.156557723879814148e-02
4.877432645621190779e+06
1.439344929531216621e-02
-2.706761099398136139e-02
5.020100623369216919e-03
1.475184131413698196e-02
2.542348409373903647e+06
2.379359118640422821e-02
-1.050374191254377365e-02
1.904966775327920914e-02
4.014221460978334546e+08
9.445547386354263872e+05
2.757252794532481581e+06
-4.753145271448874846e+05
-3.802968362664972991e+07
1.144699691533524543e+08
-2.270702987034916878e+06
3.858107826429206878e+06
8.627986915249641985e+06
1.458853483200073242e-03
1.082295179367065430e-02
3.371865488588809967e-03
2.098564566113054752e-01
4.923465656932406127e+05
1.842859201133251190e-03
-5.674447165802121162e-03
1.056216703727841377e-02
-5.904026329517364502e-04
1.214028336107730865e-02
1.389107946306467056e-02
1.437210492209318094e+06
-3.361752949422225356e-02
2.729099802672863007e-02
-6.136763188987970352e-02
-3.049685619771480560e-03
2.969895431306213140e-02
-2.477563963246179046e+05
4.354622494429349899e-02
-2.370951697230339050e-02
3.903220780193805695e-02
1.227841912848719209e+08
9.924385498252288997e+07
1.211540587246417999e-02
1.649492583237588406e-02
7.656425703316926956e-03
-2.819609837186384946e+07
-1.183597715738263912e+06
2.011028109230655245e+06
4.497314524784747511e+06
3.323594015091657639e-02
-6.357271905289962888e-02
5.570083949714899063e-02
-4.260260611772537231e-03
3.397284075617790222e-02
1.585035920143127441e-01
