0.000000000000000000e+00
1.099077375717326388e-01
9.645700440225896122e-02
-6.195280978777129022e-02
-2.158027281789144289e-04
3.606935638893920409e-02
6.543466039559391739e-03
-6.781518580026929532e-02
9.525582580416249237e-03
-1.807904379528700502e-03
-8.525082233319099256e-02
1.968731993479023445e-01
-5.395799504093453519e-02
5.842508708945382163e-03
9.127760515952025588e-02
2.981724074927403090e-03
5.149811784260562323e-04
-1.138915779174845717e-02
1.718668014892634033e-05
6.326017687146268890e-04
3.606935638893342400e-02
